2018-12-06 07:59:19,887 INFO: Microblog startup [in /home/leewel/Development/repos/debutproject/app/__init__.py:77]
2018-12-06 08:04:22,493 INFO: Microblog startup [in /home/leewel/Development/repos/debutproject/app/__init__.py:77]
2018-12-06 08:04:57,391 INFO: Microblog startup [in /home/leewel/Development/repos/debutproject/app/__init__.py:77]
2018-12-06 08:07:01,538 INFO: Microblog startup [in /home/leewel/Development/repos/debutproject/app/__init__.py:77]
2018-12-06 08:07:24,585 INFO: Microblog startup [in /home/leewel/Development/repos/debutproject/app/__init__.py:77]
2018-12-06 08:12:23,427 INFO: Microblog startup [in /home/leewel/Development/repos/debutproject/app/__init__.py:77]
2018-12-06 08:17:30,521 INFO: Microblog startup [in /home/leewel/Development/repos/debutproject/app/__init__.py:77]
2018-12-06 08:18:55,976 INFO: Microblog startup [in /home/leewel/Development/repos/debutproject/app/__init__.py:77]
2018-12-06 08:20:56,822 INFO: Microblog startup [in /home/leewel/Development/repos/debutproject/app/__init__.py:77]
2018-12-06 08:25:23,566 INFO: Microblog startup [in /home/leewel/Development/repos/debutproject/app/__init__.py:77]
2018-12-06 08:29:24,729 INFO: Microblog startup [in /home/leewel/Development/repos/debutproject/app/__init__.py:77]
2018-12-07 06:46:51,868 INFO: Microblog startup [in /home/leewel/Development/repos/Blog/app/__init__.py:77]
2018-12-07 06:47:03,468 INFO: Microblog startup [in /home/leewel/Development/repos/Blog/app/__init__.py:77]
2018-12-07 06:47:16,238 INFO: Microblog startup [in /home/leewel/Development/repos/Blog/app/__init__.py:77]
2018-12-07 06:50:58,665 INFO: Microblog startup [in /home/leewel/Development/repos/Blog/app/__init__.py:77]
2018-12-07 07:15:32,511 INFO: Microblog startup [in /home/leewel/Development/repos/Blog/app/__init__.py:77]
2018-12-07 07:23:09,451 INFO: Microblog startup [in /home/leewel/Development/repos/Blog/app/__init__.py:77]
2018-12-07 07:23:18,699 INFO: Microblog startup [in /home/leewel/Development/repos/Blog/app/__init__.py:77]
2018-12-07 07:23:26,546 INFO: Microblog startup [in /home/leewel/Development/repos/Blog/app/__init__.py:77]
2018-12-07 08:08:21,249 INFO: Microblog startup [in /home/leewel/Development/repos/Blog/app/__init__.py:77]
2018-12-07 08:10:29,934 INFO: Microblog startup [in /home/leewel/Development/repos/Blog/app/__init__.py:77]
2018-12-07 08:16:12,902 INFO: Microblog startup [in /home/leewel/Development/repos/Blog/app/__init__.py:77]
2018-12-07 08:26:11,686 INFO: Microblog startup [in /home/leewel/Development/repos/Blog/app/__init__.py:77]
2018-12-07 09:57:09,462 INFO: Microblog startup [in /home/leewel/Development/repos/Blog/app/__init__.py:77]
2018-12-07 09:57:27,307 INFO: Microblog startup [in /home/leewel/Development/repos/Blog/app/__init__.py:77]
2018-12-07 10:29:24,868 INFO: Microblog startup [in /home/leewel/Development/repos/Blog/app/__init__.py:77]
2018-12-07 11:00:16,325 INFO: Microblog startup [in /home/leewel/Development/repos/Blog/app/__init__.py:77]
2018-12-07 11:05:59,001 INFO: Microblog startup [in /home/leewel/Development/repos/Blog/app/__init__.py:77]
2018-12-07 11:08:39,193 INFO: Microblog startup [in /home/leewel/Development/repos/Blog/app/__init__.py:77]
2018-12-07 11:08:49,588 INFO: Microblog startup [in /home/leewel/Development/repos/Blog/app/__init__.py:77]
2018-12-07 11:14:29,548 INFO: Microblog startup [in /home/leewel/Development/repos/Blog/app/__init__.py:77]
2018-12-07 11:17:22,550 INFO: Microblog startup [in /home/leewel/Development/repos/Blog/app/__init__.py:77]
2018-12-07 11:18:59,355 INFO: Microblog startup [in /home/leewel/Development/repos/Blog/app/__init__.py:77]
2018-12-07 11:35:06,376 INFO: Microblog startup [in /home/leewel/Development/repos/Blog/app/__init__.py:77]
2018-12-07 11:36:17,517 ERROR: Exception on /messages [GET] [in /home/leewel/.local/lib/python2.7/site-packages/flask/app.py:1761]
Traceback (most recent call last):
  File "/home/leewel/.local/lib/python2.7/site-packages/flask/app.py", line 2292, in wsgi_app
    response = self.full_dispatch_request()
  File "/home/leewel/.local/lib/python2.7/site-packages/flask/app.py", line 1815, in full_dispatch_request
    rv = self.handle_user_exception(e)
  File "/home/leewel/.local/lib/python2.7/site-packages/flask/app.py", line 1718, in handle_user_exception
    reraise(exc_type, exc_value, tb)
  File "/home/leewel/.local/lib/python2.7/site-packages/flask/app.py", line 1813, in full_dispatch_request
    rv = self.dispatch_request()
  File "/home/leewel/.local/lib/python2.7/site-packages/flask/app.py", line 1799, in dispatch_request
    return self.view_functions[rule.endpoint](**req.view_args)
  File "/home/leewel/.local/lib/python2.7/site-packages/flask_login/utils.py", line 228, in decorated_view
    return func(*args, **kwargs)
  File "/home/leewel/Development/repos/Blog/app/main/routes.py", line 180, in messages
    current_user.add_notification('unread_message_count', 0)
  File "/home/leewel/.local/lib/python2.7/site-packages/werkzeug/local.py", line 347, in __getattr__
    return getattr(self._get_current_object(), name)
AttributeError: 'User' object has no attribute 'add_notification'
2018-12-07 11:37:58,401 INFO: Microblog startup [in /home/leewel/Development/repos/Blog/app/__init__.py:77]
2018-12-07 11:38:13,824 INFO: Microblog startup [in /home/leewel/Development/repos/Blog/app/__init__.py:77]
2018-12-07 11:44:07,537 INFO: Microblog startup [in /home/leewel/Development/repos/Blog/app/__init__.py:77]
2018-12-07 11:44:27,814 ERROR: Exception on /messages [GET] [in /home/leewel/.local/lib/python2.7/site-packages/flask/app.py:1761]
Traceback (most recent call last):
  File "/home/leewel/.local/lib/python2.7/site-packages/flask/app.py", line 2292, in wsgi_app
    response = self.full_dispatch_request()
  File "/home/leewel/.local/lib/python2.7/site-packages/flask/app.py", line 1815, in full_dispatch_request
    rv = self.handle_user_exception(e)
  File "/home/leewel/.local/lib/python2.7/site-packages/flask/app.py", line 1718, in handle_user_exception
    reraise(exc_type, exc_value, tb)
  File "/home/leewel/.local/lib/python2.7/site-packages/flask/app.py", line 1813, in full_dispatch_request
    rv = self.dispatch_request()
  File "/home/leewel/.local/lib/python2.7/site-packages/flask/app.py", line 1799, in dispatch_request
    return self.view_functions[rule.endpoint](**req.view_args)
  File "/home/leewel/.local/lib/python2.7/site-packages/flask_login/utils.py", line 228, in decorated_view
    return func(*args, **kwargs)
  File "/home/leewel/Development/repos/Blog/app/main/routes.py", line 181, in messages
    current_user.add_notification('unread_message_count', 0)
  File "/home/leewel/.local/lib/python2.7/site-packages/werkzeug/local.py", line 347, in __getattr__
    return getattr(self._get_current_object(), name)
AttributeError: 'User' object has no attribute 'add_notification'
2018-12-07 11:47:43,853 INFO: Microblog startup [in /home/leewel/Development/repos/Blog/app/__init__.py:77]
2018-12-07 11:51:31,058 INFO: Microblog startup [in /home/leewel/Development/repos/Blog/app/__init__.py:77]
